  CMonster.cpp
C:\Users\ckseh\OneDrive\바탕 화면\AR49\AR49\Coffee\Client\CMonster.cpp(1,1): warning C4819: 현재 코드 페이지(949)에서 표시할 수 없는 문자가 파일에 들어 있습니다. 데이터가 손실되지 않게 하려면 해당 파일을 유니코드 형식으로 저장하십시오.
C:\Users\ckseh\OneDrive\바탕 화면\AR49\AR49\Coffee\Client\CObj.h(1,1): warning C4819: 현재 코드 페이지(949)에서 표시할 수 없는 문자가 파일에 들어 있습니다. 데이터가 손실되지 않게 하려면 해당 파일을 유니코드 형식으로 저장하십시오.
C:\Users\ckseh\OneDrive\바탕 화면\AR49\AR49\Coffee\Client\CCamera.h(1,1): warning C4819: 현재 코드 페이지(949)에서 표시할 수 없는 문자가 파일에 들어 있습니다. 데이터가 손실되지 않게 하려면 해당 파일을 유니코드 형식으로 저장하십시오.
C:\Users\ckseh\OneDrive\바탕 화면\AR49\AR49\Coffee\Client\CAnimator.h(1,1): warning C4819: 현재 코드 페이지(949)에서 표시할 수 없는 문자가 파일에 들어 있습니다. 데이터가 손실되지 않게 하려면 해당 파일을 유니코드 형식으로 저장하십시오.
C:\Users\ckseh\OneDrive\바탕 화면\AR49\AR49\Coffee\Client\CAnim.h(1,1): warning C4819: 현재 코드 페이지(949)에서 표시할 수 없는 문자가 파일에 들어 있습니다. 데이터가 손실되지 않게 하려면 해당 파일을 유니코드 형식으로 저장하십시오.
C:\Users\ckseh\OneDrive\바탕 화면\AR49\AR49\Coffee\Client\CMovement.h(1,1): warning C4819: 현재 코드 페이지(949)에서 표시할 수 없는 문자가 파일에 들어 있습니다. 데이터가 손실되지 않게 하려면 해당 파일을 유니코드 형식으로 저장하십시오.
C:\Users\ckseh\OneDrive\바탕 화면\AR49\AR49\Coffee\Client\CCollider.h(1,1): warning C4819: 현재 코드 페이지(949)에서 표시할 수 없는 문자가 파일에 들어 있습니다. 데이터가 손실되지 않게 하려면 해당 파일을 유니코드 형식으로 저장하십시오.
C:\Users\ckseh\OneDrive\바탕 화면\AR49\AR49\Coffee\Client\CStateMachine.h(1,1): warning C4819: 현재 코드 페이지(949)에서 표시할 수 없는 문자가 파일에 들어 있습니다. 데이터가 손실되지 않게 하려면 해당 파일을 유니코드 형식으로 저장하십시오.
C:\Users\ckseh\OneDrive\바탕 화면\AR49\AR49\Coffee\Client\CLevel.h(1,1): warning C4819: 현재 코드 페이지(949)에서 표시할 수 없는 문자가 파일에 들어 있습니다. 데이터가 손실되지 않게 하려면 해당 파일을 유니코드 형식으로 저장하십시오.
C:\Users\ckseh\OneDrive\바탕 화면\AR49\AR49\Coffee\Client\CStateMachine.h(48,9): warning C4353: 비표준 확장을 사용했습니다. 함수 식으로 상수 0을 사용했습니다.  '__noop' 내장 함수를 대신 사용하십시오.
C:\Users\ckseh\OneDrive\바탕 화면\AR49\AR49\Coffee\Client\CMonster.cpp(50,53): message : 컴파일되는 함수 템플릿 인스턴스화 'void CStateMachine::AddDataToBlackboard<Vec2>(const std::wstring &,const T &)'에 대한 참조를 확인하세요.
          with
          [
              T=Vec2
          ]
  CPlayer.cpp
C:\Users\ckseh\OneDrive\바탕 화면\AR49\AR49\Coffee\Client\CPlayer.cpp(1,1): warning C4819: 현재 코드 페이지(949)에서 표시할 수 없는 문자가 파일에 들어 있습니다. 데이터가 손실되지 않게 하려면 해당 파일을 유니코드 형식으로 저장하십시오.
C:\Users\ckseh\OneDrive\바탕 화면\AR49\AR49\Coffee\Client\CObj.h(1,1): warning C4819: 현재 코드 페이지(949)에서 표시할 수 없는 문자가 파일에 들어 있습니다. 데이터가 손실되지 않게 하려면 해당 파일을 유니코드 형식으로 저장하십시오.
C:\Users\ckseh\OneDrive\바탕 화면\AR49\AR49\Coffee\Client\CCamera.h(1,1): warning C4819: 현재 코드 페이지(949)에서 표시할 수 없는 문자가 파일에 들어 있습니다. 데이터가 손실되지 않게 하려면 해당 파일을 유니코드 형식으로 저장하십시오.
C:\Users\ckseh\OneDrive\바탕 화면\AR49\AR49\Coffee\Client\CAnimator.h(1,1): warning C4819: 현재 코드 페이지(949)에서 표시할 수 없는 문자가 파일에 들어 있습니다. 데이터가 손실되지 않게 하려면 해당 파일을 유니코드 형식으로 저장하십시오.
C:\Users\ckseh\OneDrive\바탕 화면\AR49\AR49\Coffee\Client\CAnim.h(1,1): warning C4819: 현재 코드 페이지(949)에서 표시할 수 없는 문자가 파일에 들어 있습니다. 데이터가 손실되지 않게 하려면 해당 파일을 유니코드 형식으로 저장하십시오.
C:\Users\ckseh\OneDrive\바탕 화면\AR49\AR49\Coffee\Client\CMovement.h(1,1): warning C4819: 현재 코드 페이지(949)에서 표시할 수 없는 문자가 파일에 들어 있습니다. 데이터가 손실되지 않게 하려면 해당 파일을 유니코드 형식으로 저장하십시오.
C:\Users\ckseh\OneDrive\바탕 화면\AR49\AR49\Coffee\Client\CCollider.h(1,1): warning C4819: 현재 코드 페이지(949)에서 표시할 수 없는 문자가 파일에 들어 있습니다. 데이터가 손실되지 않게 하려면 해당 파일을 유니코드 형식으로 저장하십시오.
C:\Users\ckseh\OneDrive\바탕 화면\AR49\AR49\Coffee\Client\CStateMachine.h(1,1): warning C4819: 현재 코드 페이지(949)에서 표시할 수 없는 문자가 파일에 들어 있습니다. 데이터가 손실되지 않게 하려면 해당 파일을 유니코드 형식으로 저장하십시오.
C:\Users\ckseh\OneDrive\바탕 화면\AR49\AR49\Coffee\Client\CTimeMgr.h(1,1): warning C4819: 현재 코드 페이지(949)에서 표시할 수 없는 문자가 파일에 들어 있습니다. 데이터가 손실되지 않게 하려면 해당 파일을 유니코드 형식으로 저장하십시오.
C:\Users\ckseh\OneDrive\바탕 화면\AR49\AR49\Coffee\Client\CKeyMgr.h(1,1): warning C4819: 현재 코드 페이지(949)에서 표시할 수 없는 문자가 파일에 들어 있습니다. 데이터가 손실되지 않게 하려면 해당 파일을 유니코드 형식으로 저장하십시오.
C:\Users\ckseh\OneDrive\바탕 화면\AR49\AR49\Coffee\Client\CLevel.h(1,1): warning C4819: 현재 코드 페이지(949)에서 표시할 수 없는 문자가 파일에 들어 있습니다. 데이터가 손실되지 않게 하려면 해당 파일을 유니코드 형식으로 저장하십시오.
  코드를 생성하고 있습니다...
  Client.vcxproj -> C:\Users\ckseh\OneDrive\바탕 화면\AR49\AR49\Coffee\MyGame\bin\game_debug.exe
